This file contains any messages produced by compilers while
running configure, to aid debugging if configure makes a mistake.

It was created by mpci configure 0.1, which was
generated by GNU Autoconf 2.69.  Invocation command line was

  $ ./configure --no-create --no-recursion

## --------- ##
## Platform. ##
## --------- ##

hostname = matthias-VirtualBox-Ubuntu15
uname -m = x86_64
uname -r = 4.4.0-59-generic
uname -s = Linux
uname -v = #80-Ubuntu SMP Fri Jan 6 17:47:47 UTC 2017

/usr/bin/uname -p = unknown
/bin/uname -X     = unknown

/bin/arch              = unknown
/usr/bin/arch -k       = unknown
/usr/convex/getsysinfo = unknown
/usr/bin/hostinfo      = unknown
/bin/machine           = unknown
/usr/bin/oslevel       = unknown
/bin/universe          = unknown

PATH: /usr/local/sbin
PATH: /usr/local/bin
PATH: /usr/sbin
PATH: /usr/bin
PATH: /sbin
PATH: /bin
PATH: /usr/games
PATH: /usr/local/games
PATH: /snap/bin
PATH: /sageTree/matthias/git-trac-command/bin


## ----------- ##
## Core tests. ##
## ----------- ##

configure:2327: checking for a BSD-compatible install
configure:2395: result: /usr/bin/install -c
configure:2406: checking whether build environment is sane
configure:2461: result: yes
configure:2612: checking for a thread-safe mkdir -p
configure:2651: result: /bin/mkdir -p
configure:2658: checking for gawk
configure:2674: found /usr/bin/gawk
configure:2685: result: gawk
configure:2696: checking whether make sets $(MAKE)
configure:2718: result: yes
configure:2747: checking whether make supports nested variables
configure:2764: result: yes
configure:2989: checking for style of include used by make
configure:3017: result: GNU
configure:3088: checking for gcc
configure:3104: found /usr/bin/gcc
configure:3115: result: gcc
configure:3344: checking for C compiler version
configure:3353: gcc --version >&5
gcc (Ubuntu 5.4.0-6ubuntu1~16.04.4) 5.4.0 20160609
Copyright (C) 2015 Free Software Foundation, Inc.
This is free software; see the source for copying conditions.  There is NO
warranty; not even for MERCHANTABILITY or FITNESS FOR A PARTICULAR PURPOSE.

configure:3364: $? = 0
configure:3353: gcc -v >&5
Using built-in specs.
COLLECT_GCC=gcc
COLLECT_LTO_WRAPPER=/usr/lib/gcc/x86_64-linux-gnu/5/lto-wrapper
Target: x86_64-linux-gnu
Configured with: ../src/configure -v --with-pkgversion='Ubuntu 5.4.0-6ubuntu1~16.04.4' --with-bugurl=file:///usr/share/doc/gcc-5/README.Bugs --enable-languages=c,ada,c++,java,go,d,fortran,objc,obj-c++ --prefix=/usr --program-suffix=-5 --enable-shared --enable-linker-build-id --libexecdir=/usr/lib --without-included-gettext --enable-threads=posix --libdir=/usr/lib --enable-nls --with-sysroot=/ --enable-clocale=gnu --enable-libstdcxx-debug --enable-libstdcxx-time=yes --with-default-libstdcxx-abi=new --enable-gnu-unique-object --disable-vtable-verify --enable-libmpx --enable-plugin --with-system-zlib --disable-browser-plugin --enable-java-awt=gtk --enable-gtk-cairo --with-java-home=/usr/lib/jvm/java-1.5.0-gcj-5-amd64/jre --enable-java-home --with-jvm-root-dir=/usr/lib/jvm/java-1.5.0-gcj-5-amd64 --with-jvm-jar-dir=/usr/lib/jvm-exports/java-1.5.0-gcj-5-amd64 --with-arch-directory=amd64 --with-ecj-jar=/usr/share/java/eclipse-ecj.jar --enable-objc-gc --enable-multiarch --disable-werror --with-arch-32=i686 --with-abi=m64 --with-multilib-list=m32,m64,mx32 --enable-multilib --with-tune=generic --enable-checking=release --build=x86_64-linux-gnu --host=x86_64-linux-gnu --target=x86_64-linux-gnu
Thread model: posix
gcc version 5.4.0 20160609 (Ubuntu 5.4.0-6ubuntu1~16.04.4) 
configure:3364: $? = 0
configure:3353: gcc -V >&5
gcc: error: unrecognized command line option '-V'
gcc: fatal error: no input files
compilation terminated.
configure:3364: $? = 1
configure:3353: gcc -qversion >&5
gcc: error: unrecognized command line option '-qversion'
gcc: fatal error: no input files
compilation terminated.
configure:3364: $? = 1
configure:3384: checking whether the C compiler works
configure:3406: gcc    conftest.c  >&5
configure:3410: $? = 0
configure:3458: result: yes
configure:3461: checking for C compiler default output file name
configure:3463: result: a.out
configure:3469: checking for suffix of executables
configure:3476: gcc -o conftest    conftest.c  >&5
configure:3480: $? = 0
configure:3502: result: 
configure:3524: checking whether we are cross compiling
configure:3532: gcc -o conftest    conftest.c  >&5
configure:3536: $? = 0
configure:3543: ./conftest
configure:3547: $? = 0
configure:3562: result: no
configure:3567: checking for suffix of object files
configure:3589: gcc -c   conftest.c >&5
configure:3593: $? = 0
configure:3614: result: o
configure:3618: checking whether we are using the GNU C compiler
configure:3637: gcc -c   conftest.c >&5
configure:3637: $? = 0
configure:3646: result: yes
configure:3655: checking whether gcc accepts -g
configure:3675: gcc -c -g  conftest.c >&5
configure:3675: $? = 0
configure:3716: result: yes
configure:3733: checking for gcc option to accept ISO C89
configure:3796: gcc  -c -g -O2  conftest.c >&5
configure:3796: $? = 0
configure:3809: result: none needed
configure:3834: checking whether gcc understands -c and -o together
configure:3856: gcc -c conftest.c -o conftest2.o
configure:3859: $? = 0
configure:3856: gcc -c conftest.c -o conftest2.o
configure:3859: $? = 0
configure:3871: result: yes
configure:3890: checking dependency style of gcc
configure:4001: result: gcc3
configure:4066: checking for ar
configure:4082: found /usr/bin/ar
configure:4093: result: ar
configure:4119: checking the archiver (ar) interface
configure:4135: gcc -c -g -O2  conftest.c >&5
configure:4135: $? = 0
configure:4137: ar cru libconftest.a conftest.o >&5
ar: `u' modifier ignored since `D' is the default (see `U')
configure:4140: $? = 0
configure:4168: result: ar
configure:4236: checking for gcc
configure:4263: result: gcc
configure:4492: checking for C compiler version
configure:4501: gcc --version >&5
gcc (Ubuntu 5.4.0-6ubuntu1~16.04.4) 5.4.0 20160609
Copyright (C) 2015 Free Software Foundation, Inc.
This is free software; see the source for copying conditions.  There is NO
warranty; not even for MERCHANTABILITY or FITNESS FOR A PARTICULAR PURPOSE.

configure:4512: $? = 0
configure:4501: gcc -v >&5
Using built-in specs.
COLLECT_GCC=gcc
COLLECT_LTO_WRAPPER=/usr/lib/gcc/x86_64-linux-gnu/5/lto-wrapper
Target: x86_64-linux-gnu
Configured with: ../src/configure -v --with-pkgversion='Ubuntu 5.4.0-6ubuntu1~16.04.4' --with-bugurl=file:///usr/share/doc/gcc-5/README.Bugs --enable-languages=c,ada,c++,java,go,d,fortran,objc,obj-c++ --prefix=/usr --program-suffix=-5 --enable-shared --enable-linker-build-id --libexecdir=/usr/lib --without-included-gettext --enable-threads=posix --libdir=/usr/lib --enable-nls --with-sysroot=/ --enable-clocale=gnu --enable-libstdcxx-debug --enable-libstdcxx-time=yes --with-default-libstdcxx-abi=new --enable-gnu-unique-object --disable-vtable-verify --enable-libmpx --enable-plugin --with-system-zlib --disable-browser-plugin --enable-java-awt=gtk --enable-gtk-cairo --with-java-home=/usr/lib/jvm/java-1.5.0-gcj-5-amd64/jre --enable-java-home --with-jvm-root-dir=/usr/lib/jvm/java-1.5.0-gcj-5-amd64 --with-jvm-jar-dir=/usr/lib/jvm-exports/java-1.5.0-gcj-5-amd64 --with-arch-directory=amd64 --with-ecj-jar=/usr/share/java/eclipse-ecj.jar --enable-objc-gc --enable-multiarch --disable-werror --with-arch-32=i686 --with-abi=m64 --with-multilib-list=m32,m64,mx32 --enable-multilib --with-tune=generic --enable-checking=release --build=x86_64-linux-gnu --host=x86_64-linux-gnu --target=x86_64-linux-gnu
Thread model: posix
gcc version 5.4.0 20160609 (Ubuntu 5.4.0-6ubuntu1~16.04.4) 
configure:4512: $? = 0
configure:4501: gcc -V >&5
gcc: error: unrecognized command line option '-V'
gcc: fatal error: no input files
compilation terminated.
configure:4512: $? = 1
configure:4501: gcc -qversion >&5
gcc: error: unrecognized command line option '-qversion'
gcc: fatal error: no input files
compilation terminated.
configure:4512: $? = 1
configure:4516: checking whether we are using the GNU C compiler
configure:4544: result: yes
configure:4553: checking whether gcc accepts -g
configure:4614: result: yes
configure:4631: checking for gcc option to accept ISO C89
configure:4707: result: none needed
configure:4732: checking whether gcc understands -c and -o together
configure:4769: result: yes
configure:4788: checking dependency style of gcc
configure:4899: result: gcc3
configure:4919: checking how to run the C preprocessor
configure:4950: gcc -E  conftest.c
configure:4950: $? = 0
configure:4964: gcc -E  conftest.c
conftest.c:11:28: fatal error: ac_nonexistent.h: No such file or directory
compilation terminated.
configure:4964: $? = 1
configure: failed program was:
| /* confdefs.h */
| #define PACKAGE_NAME "mpci"
| #define PACKAGE_TARNAME "mpci"
| #define PACKAGE_VERSION "0.1"
| #define PACKAGE_STRING "mpci 0.1"
| #define PACKAGE_BUGREPORT "enischte@gmail.com"
| #define PACKAGE_URL ""
| #define PACKAGE "mpci"
| #define VERSION "0.1"
| /* end confdefs.h.  */
| #include <ac_nonexistent.h>
configure:4989: result: gcc -E
configure:5009: gcc -E  conftest.c
configure:5009: $? = 0
configure:5023: gcc -E  conftest.c
conftest.c:11:28: fatal error: ac_nonexistent.h: No such file or directory
compilation terminated.
configure:5023: $? = 1
configure: failed program was:
| /* confdefs.h */
| #define PACKAGE_NAME "mpci"
| #define PACKAGE_TARNAME "mpci"
| #define PACKAGE_VERSION "0.1"
| #define PACKAGE_STRING "mpci 0.1"
| #define PACKAGE_BUGREPORT "enischte@gmail.com"
| #define PACKAGE_URL ""
| #define PACKAGE "mpci"
| #define VERSION "0.1"
| /* end confdefs.h.  */
| #include <ac_nonexistent.h>
configure:5052: checking whether ln -s works
configure:5059: result: no, using cp -pR
configure:5063: checking whether make sets $(MAKE)
configure:5085: result: yes
configure:5123: checking build system type
configure:5137: result: x86_64-unknown-linux-gnu
configure:5157: checking host system type
configure:5170: result: x86_64-unknown-linux-gnu
configure:5211: checking how to print strings
configure:5238: result: printf
configure:5259: checking for a sed that does not truncate output
configure:5323: result: /bin/sed
configure:5341: checking for grep that handles long lines and -e
configure:5399: result: /bin/grep
configure:5404: checking for egrep
configure:5466: result: /bin/grep -E
configure:5471: checking for fgrep
configure:5533: result: /bin/grep -F
configure:5568: checking for ld used by gcc
configure:5635: result: /usr/bin/ld
configure:5642: checking if the linker (/usr/bin/ld) is GNU ld
configure:5657: result: yes
configure:5669: checking for BSD- or MS-compatible name lister (nm)
configure:5718: result: /usr/bin/nm -B
configure:5848: checking the name lister (/usr/bin/nm -B) interface
configure:5855: gcc -c -g -O2  conftest.c >&5
configure:5858: /usr/bin/nm -B "conftest.o"
configure:5861: output
0000000000000000 B some_variable
configure:5868: result: BSD nm
configure:5872: checking the maximum length of command line arguments
configure:6003: result: 1572864
configure:6020: checking whether the shell understands some XSI constructs
configure:6030: result: yes
configure:6034: checking whether the shell understands "+="
configure:6040: result: yes
configure:6075: checking how to convert x86_64-unknown-linux-gnu file names to x86_64-unknown-linux-gnu format
configure:6115: result: func_convert_file_noop
configure:6122: checking how to convert x86_64-unknown-linux-gnu file names to toolchain format
configure:6142: result: func_convert_file_noop
configure:6149: checking for /usr/bin/ld option to reload object files
configure:6156: result: -r
configure:6230: checking for objdump
configure:6246: found /usr/bin/objdump
configure:6257: result: objdump
configure:6289: checking how to recognize dependent libraries
configure:6487: result: pass_all
configure:6572: checking for dlltool
configure:6602: result: no
configure:6632: checking how to associate runtime and link libraries
configure:6659: result: printf %s\n
configure:6783: checking for archiver @FILE support
configure:6800: gcc -c -g -O2  conftest.c >&5
configure:6800: $? = 0
configure:6803: ar cru libconftest.a @conftest.lst >&5
ar: `u' modifier ignored since `D' is the default (see `U')
configure:6806: $? = 0
configure:6811: ar cru libconftest.a @conftest.lst >&5
ar: `u' modifier ignored since `D' is the default (see `U')
ar: conftest.o: No such file or directory
configure:6814: $? = 1
configure:6826: result: @
configure:6884: checking for strip
configure:6900: found /usr/bin/strip
configure:6911: result: strip
configure:6983: checking for ranlib
configure:6999: found /usr/bin/ranlib
configure:7010: result: ranlib
configure:7112: checking command to parse /usr/bin/nm -B output from gcc object
configure:7232: gcc -c -g -O2  conftest.c >&5
configure:7235: $? = 0
configure:7239: /usr/bin/nm -B conftest.o \| sed -n -e 's/^.*[ ]\([ABCDGIRSTW][ABCDGIRSTW]*\)[ ][ ]*\([_A-Za-z][_A-Za-z0-9]*\)$/\1 \2 \2/p' | sed '/ __gnu_lto/d' \> conftest.nm
configure:7242: $? = 0
configure:7308: gcc -o conftest -g -O2   conftest.c conftstm.o >&5
configure:7311: $? = 0
configure:7349: result: ok
configure:7386: checking for sysroot
configure:7416: result: no
configure:7493: gcc -c -g -O2  conftest.c >&5
configure:7496: $? = 0
configure:7685: checking for mt
configure:7701: found /bin/mt
configure:7712: result: mt
configure:7735: checking if mt is a manifest tool
configure:7741: mt '-?'
configure:7749: result: no
configure:8387: checking for ANSI C header files
configure:8407: gcc -c -g -O2  conftest.c >&5
configure:8407: $? = 0
configure:8480: gcc -o conftest -g -O2   conftest.c  >&5
configure:8480: $? = 0
configure:8480: ./conftest
configure:8480: $? = 0
configure:8491: result: yes
configure:8504: checking for sys/types.h
configure:8504: gcc -c -g -O2  conftest.c >&5
configure:8504: $? = 0
configure:8504: result: yes
configure:8504: checking for sys/stat.h
configure:8504: gcc -c -g -O2  conftest.c >&5
configure:8504: $? = 0
configure:8504: result: yes
configure:8504: checking for stdlib.h
configure:8504: gcc -c -g -O2  conftest.c >&5
configure:8504: $? = 0
configure:8504: result: yes
configure:8504: checking for string.h
configure:8504: gcc -c -g -O2  conftest.c >&5
configure:8504: $? = 0
configure:8504: result: yes
configure:8504: checking for memory.h
configure:8504: gcc -c -g -O2  conftest.c >&5
configure:8504: $? = 0
configure:8504: result: yes
configure:8504: checking for strings.h
configure:8504: gcc -c -g -O2  conftest.c >&5
configure:8504: $? = 0
configure:8504: result: yes
configure:8504: checking for inttypes.h
configure:8504: gcc -c -g -O2  conftest.c >&5
configure:8504: $? = 0
configure:8504: result: yes
configure:8504: checking for stdint.h
configure:8504: gcc -c -g -O2  conftest.c >&5
configure:8504: $? = 0
configure:8504: result: yes
configure:8504: checking for unistd.h
configure:8504: gcc -c -g -O2  conftest.c >&5
configure:8504: $? = 0
configure:8504: result: yes
configure:8518: checking for dlfcn.h
configure:8518: gcc -c -g -O2  conftest.c >&5
configure:8518: $? = 0
configure:8518: result: yes
configure:8724: checking for objdir
configure:8739: result: .libs
configure:9010: checking if gcc supports -fno-rtti -fno-exceptions
configure:9028: gcc -c -g -O2  -fno-rtti -fno-exceptions conftest.c >&5
cc1: warning: command line option '-fno-rtti' is valid for C++/ObjC++ but not for C
configure:9032: $? = 0
configure:9045: result: no
configure:9372: checking for gcc option to produce PIC
configure:9379: result: -fPIC -DPIC
configure:9387: checking if gcc PIC flag -fPIC -DPIC works
configure:9405: gcc -c -g -O2  -fPIC -DPIC -DPIC conftest.c >&5
configure:9409: $? = 0
configure:9422: result: yes
configure:9451: checking if gcc static flag -static works
configure:9479: result: yes
configure:9494: checking if gcc supports -c -o file.o
configure:9515: gcc -c -g -O2  -o out/conftest2.o conftest.c >&5
configure:9519: $? = 0
configure:9541: result: yes
configure:9549: checking if gcc supports -c -o file.o
configure:9596: result: yes
configure:9629: checking whether the gcc linker (/usr/bin/ld -m elf_x86_64) supports shared libraries
configure:10786: result: yes
configure:10823: checking whether -lc should be explicitly linked in
configure:10831: gcc -c -g -O2  conftest.c >&5
configure:10834: $? = 0
configure:10849: gcc -shared  -fPIC -DPIC conftest.o  -v -Wl,-soname -Wl,conftest -o conftest 2\>\&1 \| /bin/grep  -lc  \>/dev/null 2\>\&1
configure:10852: $? = 0
configure:10866: result: no
configure:11026: checking dynamic linker characteristics
configure:11526: gcc -o conftest -g -O2   -Wl,-rpath -Wl,/foo conftest.c  >&5
configure:11526: $? = 0
configure:11760: result: GNU/Linux ld.so
configure:11867: checking how to hardcode library paths into programs
configure:11892: result: immediate
configure:12432: checking whether stripping libraries is possible
configure:12437: result: yes
configure:12472: checking if libtool supports shared libraries
configure:12474: result: yes
configure:12477: checking whether to build shared libraries
configure:12498: result: yes
configure:12501: checking whether to build static libraries
configure:12505: result: yes
configure:12544: checking for gmp.h
configure:12552: gcc -c -g -O2  conftest.c >&5
configure:12552: $? = 0
configure:12553: result: yes
configure:12564: checking for __gmpz_init in -lgmp
configure:12589: gcc -o conftest -g -O2   conftest.c -lgmp   >&5
configure:12589: $? = 0
configure:12598: result: yes
configure:12607: checking for valid GMP
configure:12625: gcc -c -g -O2  conftest.c >&5
configure:12625: $? = 0
configure:12626: result: yes
configure:12637: checking for mpfr.h
configure:12645: gcc -c -g -O2  conftest.c >&5
configure:12645: $? = 0
configure:12646: result: yes
configure:12657: checking for mpfr_init in -lmpfr
configure:12682: gcc -o conftest -g -O2   conftest.c -lmpfr  -lgmp  >&5
configure:12682: $? = 0
configure:12691: result: yes
configure:12700: checking for valid MPFR
configure:12718: gcc -c -g -O2  conftest.c >&5
configure:12718: $? = 0
configure:12719: result: yes
configure:12730: checking for mpfi.h
configure:12738: gcc -c -g -O2  conftest.c >&5
configure:12738: $? = 0
configure:12739: result: yes
configure:12750: checking for mpfi_init in -lmpfi
configure:12775: gcc -o conftest -g -O2   conftest.c -lmpfi  -lmpfr -lgmp  >&5
configure:12775: $? = 0
configure:12784: result: yes
configure:12793: checking for valid MPFI
configure:12815: gcc -c -g -O2  conftest.c >&5
configure:12815: $? = 0
configure:12816: result: yes
configure:12831: checking float.h usability
configure:12831: gcc -c -g -O2  conftest.c >&5
configure:12831: $? = 0
configure:12831: result: yes
configure:12831: checking float.h presence
configure:12831: gcc -E  conftest.c
configure:12831: $? = 0
configure:12831: result: yes
configure:12831: checking for float.h
configure:12831: result: yes
configure:12831: checking limits.h usability
configure:12831: gcc -c -g -O2  conftest.c >&5
configure:12831: $? = 0
configure:12831: result: yes
configure:12831: checking limits.h presence
configure:12831: gcc -E  conftest.c
configure:12831: $? = 0
configure:12831: result: yes
configure:12831: checking for limits.h
configure:12831: result: yes
configure:12831: checking for stdlib.h
configure:12831: result: yes
configure:12831: checking for string.h
configure:12831: result: yes
configure:12831: checking sys/time.h usability
configure:12831: gcc -c -g -O2  conftest.c >&5
configure:12831: $? = 0
configure:12831: result: yes
configure:12831: checking sys/time.h presence
configure:12831: gcc -E  conftest.c
configure:12831: $? = 0
configure:12831: result: yes
configure:12831: checking for sys/time.h
configure:12831: result: yes
configure:12831: checking for unistd.h
configure:12831: result: yes
configure:12843: checking for size_t
configure:12843: gcc -c -g -O2  conftest.c >&5
configure:12843: $? = 0
configure:12843: gcc -c -g -O2  conftest.c >&5
conftest.c: In function 'main':
conftest.c:65:21: error: expected expression before ')' token
 if (sizeof ((size_t)))
                     ^
configure:12843: $? = 1
configure: failed program was:
| /* confdefs.h */
| #define PACKAGE_NAME "mpci"
| #define PACKAGE_TARNAME "mpci"
| #define PACKAGE_VERSION "0.1"
| #define PACKAGE_STRING "mpci 0.1"
| #define PACKAGE_BUGREPORT "enischte@gmail.com"
| #define PACKAGE_URL ""
| #define PACKAGE "mpci"
| #define VERSION "0.1"
| #define STDC_HEADERS 1
| #define HAVE_SYS_TYPES_H 1
| #define HAVE_SYS_STAT_H 1
| #define HAVE_STDLIB_H 1
| #define HAVE_STRING_H 1
| #define HAVE_MEMORY_H 1
| #define HAVE_STRINGS_H 1
| #define HAVE_INTTYPES_H 1
| #define HAVE_STDINT_H 1
| #define HAVE_UNISTD_H 1
| #define HAVE_DLFCN_H 1
| #define LT_OBJDIR ".libs/"
| #define HAVE_FLOAT_H 1
| #define HAVE_LIMITS_H 1
| #define HAVE_STDLIB_H 1
| #define HAVE_STRING_H 1
| #define HAVE_SYS_TIME_H 1
| #define HAVE_UNISTD_H 1
| /* end confdefs.h.  */
| #include <stdio.h>
| #ifdef HAVE_SYS_TYPES_H
| # include <sys/types.h>
| #endif
| #ifdef HAVE_SYS_STAT_H
| # include <sys/stat.h>
| #endif
| #ifdef STDC_HEADERS
| # include <stdlib.h>
| # include <stddef.h>
| #else
| # ifdef HAVE_STDLIB_H
| #  include <stdlib.h>
| # endif
| #endif
| #ifdef HAVE_STRING_H
| # if !defined STDC_HEADERS && defined HAVE_MEMORY_H
| #  include <memory.h>
| # endif
| # include <string.h>
| #endif
| #ifdef HAVE_STRINGS_H
| # include <strings.h>
| #endif
| #ifdef HAVE_INTTYPES_H
| # include <inttypes.h>
| #endif
| #ifdef HAVE_STDINT_H
| # include <stdint.h>
| #endif
| #ifdef HAVE_UNISTD_H
| # include <unistd.h>
| #endif
| int
| main ()
| {
| if (sizeof ((size_t)))
| 	    return 0;
|   ;
|   return 0;
| }
configure:12843: result: yes
configure:12859: checking for dup2
configure:12859: gcc -o conftest -g -O2   conftest.c -lmpfi -lmpfr -lgmp  >&5
configure:12859: $? = 0
configure:12859: result: yes
configure:12859: checking for gettimeofday
configure:12859: gcc -o conftest -g -O2   conftest.c -lmpfi -lmpfr -lgmp  >&5
configure:12859: $? = 0
configure:12859: result: yes
configure:12871: checking for mpfr_q_sub
configure:12871: gcc -o conftest -g -O2   conftest.c -lmpfi -lmpfr -lgmp  >&5
/tmp/ccCpAVaT.o: In function `main':
/media/sf_shared/mpci/conftest.c:65: undefined reference to `mpfr_q_sub'
collect2: error: ld returned 1 exit status
configure:12871: $? = 1
configure: failed program was:
| /* confdefs.h */
| #define PACKAGE_NAME "mpci"
| #define PACKAGE_TARNAME "mpci"
| #define PACKAGE_VERSION "0.1"
| #define PACKAGE_STRING "mpci 0.1"
| #define PACKAGE_BUGREPORT "enischte@gmail.com"
| #define PACKAGE_URL ""
| #define PACKAGE "mpci"
| #define VERSION "0.1"
| #define STDC_HEADERS 1
| #define HAVE_SYS_TYPES_H 1
| #define HAVE_SYS_STAT_H 1
| #define HAVE_STDLIB_H 1
| #define HAVE_STRING_H 1
| #define HAVE_MEMORY_H 1
| #define HAVE_STRINGS_H 1
| #define HAVE_INTTYPES_H 1
| #define HAVE_STDINT_H 1
| #define HAVE_UNISTD_H 1
| #define HAVE_DLFCN_H 1
| #define LT_OBJDIR ".libs/"
| #define HAVE_FLOAT_H 1
| #define HAVE_LIMITS_H 1
| #define HAVE_STDLIB_H 1
| #define HAVE_STRING_H 1
| #define HAVE_SYS_TIME_H 1
| #define HAVE_UNISTD_H 1
| #define HAVE_DUP2 1
| #define HAVE_GETTIMEOFDAY 1
| /* end confdefs.h.  */
| /* Define mpfr_q_sub to an innocuous variant, in case <limits.h> declares mpfr_q_sub.
|    For example, HP-UX 11i <limits.h> declares gettimeofday.  */
| #define mpfr_q_sub innocuous_mpfr_q_sub
| 
| /* System header to define __stub macros and hopefully few prototypes,
|     which can conflict with char mpfr_q_sub (); below.
|     Prefer <limits.h> to <assert.h> if __STDC__ is defined, since
|     <limits.h> exists even on freestanding compilers.  */
| 
| #ifdef __STDC__
| # include <limits.h>
| #else
| # include <assert.h>
| #endif
| 
| #undef mpfr_q_sub
| 
| /* Override any GCC internal prototype to avoid an error.
|    Use char because int might match the return type of a GCC
|    builtin and then its argument prototype would still apply.  */
| #ifdef __cplusplus
| extern "C"
| #endif
| char mpfr_q_sub ();
| /* The GNU C library defines this for functions which it implements
|     to always fail with ENOSYS.  Some functions are actually named
|     something starting with __ and the normal name is an alias.  */
| #if defined __stub_mpfr_q_sub || defined __stub___mpfr_q_sub
| choke me
| #endif
| 
| int
| main ()
| {
| return mpfr_q_sub ();
|   ;
|   return 0;
| }
configure:12871: result: no
configure:12871: checking for mpfr_z_sub
configure:12871: gcc -o conftest -g -O2   conftest.c -lmpfi -lmpfr -lgmp  >&5
configure:12871: $? = 0
configure:12871: result: yes
configure:12871: checking for mpfr_z_div
configure:12871: gcc -o conftest -g -O2   conftest.c -lmpfi -lmpfr -lgmp  >&5
/tmp/ccKSHdN2.o: In function `main':
/media/sf_shared/mpci/conftest.c:66: undefined reference to `mpfr_z_div'
collect2: error: ld returned 1 exit status
configure:12871: $? = 1
configure: failed program was:
| /* confdefs.h */
| #define PACKAGE_NAME "mpci"
| #define PACKAGE_TARNAME "mpci"
| #define PACKAGE_VERSION "0.1"
| #define PACKAGE_STRING "mpci 0.1"
| #define PACKAGE_BUGREPORT "enischte@gmail.com"
| #define PACKAGE_URL ""
| #define PACKAGE "mpci"
| #define VERSION "0.1"
| #define STDC_HEADERS 1
| #define HAVE_SYS_TYPES_H 1
| #define HAVE_SYS_STAT_H 1
| #define HAVE_STDLIB_H 1
| #define HAVE_STRING_H 1
| #define HAVE_MEMORY_H 1
| #define HAVE_STRINGS_H 1
| #define HAVE_INTTYPES_H 1
| #define HAVE_STDINT_H 1
| #define HAVE_UNISTD_H 1
| #define HAVE_DLFCN_H 1
| #define LT_OBJDIR ".libs/"
| #define HAVE_FLOAT_H 1
| #define HAVE_LIMITS_H 1
| #define HAVE_STDLIB_H 1
| #define HAVE_STRING_H 1
| #define HAVE_SYS_TIME_H 1
| #define HAVE_UNISTD_H 1
| #define HAVE_DUP2 1
| #define HAVE_GETTIMEOFDAY 1
| #define HAVE_MPFR_Z_SUB 1
| /* end confdefs.h.  */
| /* Define mpfr_z_div to an innocuous variant, in case <limits.h> declares mpfr_z_div.
|    For example, HP-UX 11i <limits.h> declares gettimeofday.  */
| #define mpfr_z_div innocuous_mpfr_z_div
| 
| /* System header to define __stub macros and hopefully few prototypes,
|     which can conflict with char mpfr_z_div (); below.
|     Prefer <limits.h> to <assert.h> if __STDC__ is defined, since
|     <limits.h> exists even on freestanding compilers.  */
| 
| #ifdef __STDC__
| # include <limits.h>
| #else
| # include <assert.h>
| #endif
| 
| #undef mpfr_z_div
| 
| /* Override any GCC internal prototype to avoid an error.
|    Use char because int might match the return type of a GCC
|    builtin and then its argument prototype would still apply.  */
| #ifdef __cplusplus
| extern "C"
| #endif
| char mpfr_z_div ();
| /* The GNU C library defines this for functions which it implements
|     to always fail with ENOSYS.  Some functions are actually named
|     something starting with __ and the normal name is an alias.  */
| #if defined __stub_mpfr_z_div || defined __stub___mpfr_z_div
| choke me
| #endif
| 
| int
| main ()
| {
| return mpfr_z_div ();
|   ;
|   return 0;
| }
configure:12871: result: no
configure:12883: checking for mpfi_mul_si
configure:12883: gcc -o conftest -g -O2   conftest.c -lmpfi -lmpfr -lgmp  >&5
configure:12883: $? = 0
configure:12883: result: yes
configure:12883: checking for mpfi_fr_div
configure:12883: gcc -o conftest -g -O2   conftest.c -lmpfi -lmpfr -lgmp  >&5
configure:12883: $? = 0
configure:12883: result: yes
configure:12883: checking for mpfi_log
configure:12883: gcc -o conftest -g -O2   conftest.c -lmpfi -lmpfr -lgmp  >&5
configure:12883: $? = 0
configure:12883: result: yes
configure:13011: checking that generated files are newer than configure
configure:13017: result: done
configure:13044: creating ./config.status

## ---------------- ##
## Cache variables. ##
## ---------------- ##

ac_cv_build=x86_64-unknown-linux-gnu
ac_cv_c_compiler_gnu=yes
ac_cv_env_CC_set=
ac_cv_env_CC_value=
ac_cv_env_CFLAGS_set=
ac_cv_env_CFLAGS_value=
ac_cv_env_CPPFLAGS_set=
ac_cv_env_CPPFLAGS_value=
ac_cv_env_CPP_set=
ac_cv_env_CPP_value=
ac_cv_env_LDFLAGS_set=
ac_cv_env_LDFLAGS_value=
ac_cv_env_LIBS_set=
ac_cv_env_LIBS_value=
ac_cv_env_build_alias_set=
ac_cv_env_build_alias_value=
ac_cv_env_host_alias_set=
ac_cv_env_host_alias_value=
ac_cv_env_target_alias_set=
ac_cv_env_target_alias_value=
ac_cv_func_dup2=yes
ac_cv_func_gettimeofday=yes
ac_cv_func_mpfi_fr_div=yes
ac_cv_func_mpfi_log=yes
ac_cv_func_mpfi_mul_si=yes
ac_cv_func_mpfr_q_sub=no
ac_cv_func_mpfr_z_div=no
ac_cv_func_mpfr_z_sub=yes
ac_cv_header_dlfcn_h=yes
ac_cv_header_float_h=yes
ac_cv_header_inttypes_h=yes
ac_cv_header_limits_h=yes
ac_cv_header_memory_h=yes
ac_cv_header_stdc=yes
ac_cv_header_stdint_h=yes
ac_cv_header_stdlib_h=yes
ac_cv_header_string_h=yes
ac_cv_header_strings_h=yes
ac_cv_header_sys_stat_h=yes
ac_cv_header_sys_time_h=yes
ac_cv_header_sys_types_h=yes
ac_cv_header_unistd_h=yes
ac_cv_host=x86_64-unknown-linux-gnu
ac_cv_lib_gmp___gmpz_init=yes
ac_cv_lib_mpfi_mpfi_init=yes
ac_cv_lib_mpfr_mpfr_init=yes
ac_cv_objext=o
ac_cv_path_EGREP='/bin/grep -E'
ac_cv_path_FGREP='/bin/grep -F'
ac_cv_path_GREP=/bin/grep
ac_cv_path_SED=/bin/sed
ac_cv_path_install='/usr/bin/install -c'
ac_cv_path_mkdir=/bin/mkdir
ac_cv_prog_AWK=gawk
ac_cv_prog_CPP='gcc -E'
ac_cv_prog_ac_ct_AR=ar
ac_cv_prog_ac_ct_CC=gcc
ac_cv_prog_ac_ct_MANIFEST_TOOL=mt
ac_cv_prog_ac_ct_OBJDUMP=objdump
ac_cv_prog_ac_ct_RANLIB=ranlib
ac_cv_prog_ac_ct_STRIP=strip
ac_cv_prog_cc_c89=
ac_cv_prog_cc_g=yes
ac_cv_prog_make_make_set=yes
ac_cv_type_size_t=yes
am_cv_CC_dependencies_compiler_type=gcc3
am_cv_ar_interface=ar
am_cv_make_support_nested_variables=yes
am_cv_prog_cc_c_o=yes
lt_cv_ar_at_file=@
lt_cv_archive_cmds_need_lc=no
lt_cv_deplibs_check_method=pass_all
lt_cv_file_magic_cmd='$MAGIC_CMD'
lt_cv_file_magic_test_file=
lt_cv_ld_reload_flag=-r
lt_cv_nm_interface='BSD nm'
lt_cv_objdir=.libs
lt_cv_path_LD=/usr/bin/ld
lt_cv_path_NM='/usr/bin/nm -B'
lt_cv_path_mainfest_tool=no
lt_cv_prog_compiler_c_o=yes
lt_cv_prog_compiler_pic='-fPIC -DPIC'
lt_cv_prog_compiler_pic_works=yes
lt_cv_prog_compiler_rtti_exceptions=no
lt_cv_prog_compiler_static_works=yes
lt_cv_prog_gnu_ld=yes
lt_cv_sharedlib_from_linklib_cmd='printf %s\n'
lt_cv_shlibpath_overrides_runpath=no
lt_cv_sys_global_symbol_pipe='sed -n -e '\''s/^.*[	 ]\([ABCDGIRSTW][ABCDGIRSTW]*\)[	 ][	 ]*\([_A-Za-z][_A-Za-z0-9]*\)$/\1 \2 \2/p'\'' | sed '\''/ __gnu_lto/d'\'''
lt_cv_sys_global_symbol_to_c_name_address='sed -n -e '\''s/^: \([^ ]*\)[ ]*$/  {\"\1\", (void *) 0},/p'\'' -e '\''s/^[ABCDGIRSTW]* \([^ ]*\) \([^ ]*\)$/  {"\2", (void *) \&\2},/p'\'''
lt_cv_sys_global_symbol_to_c_name_address_lib_prefix='sed -n -e '\''s/^: \([^ ]*\)[ ]*$/  {\"\1\", (void *) 0},/p'\'' -e '\''s/^[ABCDGIRSTW]* \([^ ]*\) \(lib[^ ]*\)$/  {"\2", (void *) \&\2},/p'\'' -e '\''s/^[ABCDGIRSTW]* \([^ ]*\) \([^ ]*\)$/  {"lib\2", (void *) \&\2},/p'\'''
lt_cv_sys_global_symbol_to_cdecl='sed -n -e '\''s/^T .* \(.*\)$/extern int \1();/p'\'' -e '\''s/^[ABCDGIRSTW]* .* \(.*\)$/extern char \1;/p'\'''
lt_cv_sys_max_cmd_len=1572864
lt_cv_to_host_file_cmd=func_convert_file_noop
lt_cv_to_tool_file_cmd=func_convert_file_noop

## ----------------- ##
## Output variables. ##
## ----------------- ##

ACLOCAL='${SHELL} /media/sf_shared/mpci/missing aclocal-1.15'
AMDEPBACKSLASH='\'
AMDEP_FALSE='#'
AMDEP_TRUE=''
AMTAR='$${TAR-tar}'
AM_BACKSLASH='\'
AM_DEFAULT_V='$(AM_DEFAULT_VERBOSITY)'
AM_DEFAULT_VERBOSITY='1'
AM_V='$(V)'
AR='ar'
AUTOCONF='${SHELL} /media/sf_shared/mpci/missing autoconf'
AUTOHEADER='${SHELL} /media/sf_shared/mpci/missing autoheader'
AUTOMAKE='${SHELL} /media/sf_shared/mpci/missing automake-1.15'
AWK='gawk'
CC='gcc'
CCDEPMODE='depmode=gcc3'
CFLAGS='-g -O2'
CPP='gcc -E'
CPPFLAGS=''
CYGPATH_W='echo'
DEFS='-DHAVE_CONFIG_H'
DEPDIR='.deps'
DLLTOOL='false'
DSYMUTIL=''
DUMPBIN=''
ECHO_C=''
ECHO_N='-n'
ECHO_T=''
EGREP='/bin/grep -E'
EXEEXT=''
FGREP='/bin/grep -F'
GREP='/bin/grep'
INSTALL_DATA='${INSTALL} -m 644'
INSTALL_PROGRAM='${INSTALL}'
INSTALL_SCRIPT='${INSTALL}'
INSTALL_STRIP_PROGRAM='$(install_sh) -c -s'
LD='/usr/bin/ld -m elf_x86_64'
LDFLAGS=''
LIBOBJS=''
LIBS='-lmpfi -lmpfr -lgmp '
LIBTOOL='$(SHELL) $(top_builddir)/libtool'
LIPO=''
LN_S='cp -pR'
LTLIBOBJS=''
MAKEINFO='${SHELL} /media/sf_shared/mpci/missing makeinfo'
MANIFEST_TOOL=':'
MKDIR_P='/bin/mkdir -p'
NM='/usr/bin/nm -B'
NMEDIT=''
OBJDUMP='objdump'
OBJEXT='o'
OTOOL64=''
OTOOL=''
PACKAGE='mpci'
PACKAGE_BUGREPORT='enischte@gmail.com'
PACKAGE_NAME='mpci'
PACKAGE_STRING='mpci 0.1'
PACKAGE_TARNAME='mpci'
PACKAGE_URL=''
PACKAGE_VERSION='0.1'
PATH_SEPARATOR=':'
RANLIB='ranlib'
SED='/bin/sed'
SET_MAKE=''
SHELL='/bin/bash'
STRIP='strip'
VERSION='0.1'
ac_ct_AR='ar'
ac_ct_CC='gcc'
ac_ct_DUMPBIN=''
am__EXEEXT_FALSE=''
am__EXEEXT_TRUE='#'
am__fastdepCC_FALSE='#'
am__fastdepCC_TRUE=''
am__include='include'
am__isrc=''
am__leading_dot='.'
am__nodep='_no'
am__quote=''
am__tar='$${TAR-tar} chof - "$$tardir"'
am__untar='$${TAR-tar} xf -'
bindir='${exec_prefix}/bin'
build='x86_64-unknown-linux-gnu'
build_alias=''
build_cpu='x86_64'
build_os='linux-gnu'
build_vendor='unknown'
datadir='${datarootdir}'
datarootdir='${prefix}/share'
docdir='${datarootdir}/doc/${PACKAGE_TARNAME}'
dvidir='${docdir}'
exec_prefix='${prefix}'
host='x86_64-unknown-linux-gnu'
host_alias=''
host_cpu='x86_64'
host_os='linux-gnu'
host_vendor='unknown'
htmldir='${docdir}'
includedir='${prefix}/include'
infodir='${datarootdir}/info'
install_sh='${SHELL} /media/sf_shared/mpci/install-sh'
libdir='${exec_prefix}/lib'
libexecdir='${exec_prefix}/libexec'
localedir='${datarootdir}/locale'
localstatedir='${prefix}/var'
mandir='${datarootdir}/man'
mkdir_p='$(MKDIR_P)'
oldincludedir='/usr/include'
pdfdir='${docdir}'
prefix='/usr/local'
program_transform_name='s,x,x,'
psdir='${docdir}'
sbindir='${exec_prefix}/sbin'
sharedstatedir='${prefix}/com'
sysconfdir='${prefix}/etc'
target_alias=''

## ----------- ##
## confdefs.h. ##
## ----------- ##

/* confdefs.h */
#define PACKAGE_NAME "mpci"
#define PACKAGE_TARNAME "mpci"
#define PACKAGE_VERSION "0.1"
#define PACKAGE_STRING "mpci 0.1"
#define PACKAGE_BUGREPORT "enischte@gmail.com"
#define PACKAGE_URL ""
#define PACKAGE "mpci"
#define VERSION "0.1"
#define STDC_HEADERS 1
#define HAVE_SYS_TYPES_H 1
#define HAVE_SYS_STAT_H 1
#define HAVE_STDLIB_H 1
#define HAVE_STRING_H 1
#define HAVE_MEMORY_H 1
#define HAVE_STRINGS_H 1
#define HAVE_INTTYPES_H 1
#define HAVE_STDINT_H 1
#define HAVE_UNISTD_H 1
#define HAVE_DLFCN_H 1
#define LT_OBJDIR ".libs/"
#define HAVE_FLOAT_H 1
#define HAVE_LIMITS_H 1
#define HAVE_STDLIB_H 1
#define HAVE_STRING_H 1
#define HAVE_SYS_TIME_H 1
#define HAVE_UNISTD_H 1
#define HAVE_DUP2 1
#define HAVE_GETTIMEOFDAY 1
#define HAVE_MPFR_Z_SUB 1
#define HAVE_MPFI_MUL_SI 1
#define HAVE_MPFI_FR_DIV 1
#define HAVE_MPFI_LOG 1

configure: exit 0

## ---------------------- ##
## Running config.status. ##
## ---------------------- ##

This file was extended by mpci config.status 0.1, which was
generated by GNU Autoconf 2.69.  Invocation command line was

  CONFIG_FILES    = 
  CONFIG_HEADERS  = 
  CONFIG_LINKS    = 
  CONFIG_COMMANDS = 
  $ ./config.status 

on matthias-VirtualBox-Ubuntu15

config.status:1095: creating Makefile
config.status:1095: creating doc/Makefile
config.status:1095: creating src/Makefile
config.status:1095: creating tests/Makefile
config.status:1095: creating mpci_config.h
config.status:1276: mpci_config.h is unchanged
config.status:1324: executing depfiles commands
config.status:1324: executing libtool commands
